TN:
SF:app.js
FN:20,(anonymous_0)
FN:29,(anonymous_1)
FN:34,(anonymous_2)
FNF:3
FNH:1
FNDA:0,(anonymous_0)
FNDA:1,(anonymous_1)
FNDA:0,(anonymous_2)
DA:2,1
DA:4,1
DA:8,1
DA:11,1
DA:12,1
DA:13,1
DA:16,1
DA:17,1
DA:20,1
DA:21,0
DA:22,0
DA:26,1
DA:27,1
DA:29,1
DA:30,1
DA:34,1
DA:35,0
DA:36,0
DA:37,0
DA:38,0
DA:41,1
LF:21
LH:15
BRF:0
BRH:0
end_of_record
TN:
SF:controllers\books-controller.js
FN:8,getBooks
FN:9,(anonymous_1)
FN:16,getBook
FN:19,(anonymous_3)
FN:26,postBook
FN:35,(anonymous_5)
FN:44,updateBook
FN:47,(anonymous_7)
FN:58,(anonymous_8)
FN:68,deleteBook
FN:70,(anonymous_10)
FNF:11
FNH:4
FNDA:1,getBooks
FNDA:1,(anonymous_1)
FNDA:0,getBook
FNDA:0,(anonymous_3)
FNDA:1,postBook
FNDA:1,(anonymous_5)
FNDA:0,updateBook
FNDA:0,(anonymous_7)
FNDA:0,(anonymous_8)
FNDA:0,deleteBook
FNDA:0,(anonymous_10)
DA:3,1
DA:9,1
DA:10,1
DA:11,1
DA:17,0
DA:19,0
DA:20,0
DA:21,0
DA:27,1
DA:28,1
DA:35,1
DA:36,1
DA:37,1
DA:45,0
DA:46,0
DA:48,0
DA:49,0
DA:50,0
DA:54,0
DA:58,0
DA:59,0
DA:60,0
DA:69,0
DA:71,0
DA:72,0
DA:79,1
LF:26
LH:10
BRDA:10,0,0,0
BRDA:10,0,1,1
BRDA:20,1,0,0
BRDA:20,1,1,0
BRDA:36,2,0,0
BRDA:36,2,1,1
BRDA:48,3,0,0
BRDA:48,3,1,0
BRDA:49,4,0,0
BRDA:49,4,1,0
BRDA:59,5,0,0
BRDA:59,5,1,0
BRDA:71,6,0,0
BRDA:71,6,1,0
BRF:14
BRH:2
end_of_record
TN:
SF:models\book.js
FNF:0
FNH:0
DA:1,1
DA:4,1
DA:16,1
LF:3
LH:3
BRF:0
BRH:0
end_of_record
TN:
SF:routes\booksRoutes.js
FNF:0
FNH:0
DA:1,1
DA:2,1
DA:4,1
DA:6,1
DA:7,1
DA:8,1
DA:9,1
DA:10,1
DA:12,1
LF:9
LH:9
BRF:0
BRH:0
end_of_record
